This is pdfTeX, Version 3.14159265-2.6-1.40.20 (TeX Live 2019/Debian) (preloaded format=pdflatex 2022.2.20)  21 FEB 2022 19:03
entering extended mode
 restricted \write18 enabled.
 %&-line parsing enabled.
**ProbeUpdatesFeb2022.tex
(./ProbeUpdatesFeb2022.tex
LaTeX2e <2020-02-02> patch level 2
L3 programming layer <2020-02-14>
(/usr/share/texlive/texmf-dist/tex/latex/base/article.cls
Document Class: article 2019/12/20 v1.4l Standard LaTeX document class
(/usr/share/texlive/texmf-dist/tex/latex/base/size10.clo
File: size10.clo 2019/12/20 v1.4l Standard LaTeX file (size option)
)
\c@part=\count167
\c@section=\count168
\c@subsection=\count169
\c@subsubsection=\count170
\c@paragraph=\count171
\c@subparagraph=\count172
\c@figure=\count173
\c@table=\count174
\abovecaptionskip=\skip47
\belowcaptionskip=\skip48
\bibindent=\dimen134
)
(/usr/share/texlive/texmf-dist/tex/latex/geometry/geometry.sty
Package: geometry 2020/01/02 v5.9 Page Geometry

(/usr/share/texlive/texmf-dist/tex/latex/graphics/keyval.sty
Package: keyval 2014/10/28 v1.15 key=value parser (DPC)
\KV@toks@=\toks14
)
(/usr/share/texlive/texmf-dist/tex/generic/iftex/ifvtex.sty
Package: ifvtex 2019/10/25 v1.7 ifvtex legacy package. Use iftex instead.

(/usr/share/texlive/texmf-dist/tex/generic/iftex/iftex.sty
Package: iftex 2019/11/07 v1.0c TeX engine tests
))
\Gm@cnth=\count175
\Gm@cntv=\count176
\c@Gm@tempcnt=\count177
\Gm@bindingoffset=\dimen135
\Gm@wd@mp=\dimen136
\Gm@odd@mp=\dimen137
\Gm@even@mp=\dimen138
\Gm@layoutwidth=\dimen139
\Gm@layoutheight=\dimen140
\Gm@layouthoffset=\dimen141
\Gm@layoutvoffset=\dimen142
\Gm@dimlist=\toks15
)
(/usr/share/texlive/texmf-dist/tex/latex/amsmath/amsmath.sty
Package: amsmath 2020/01/20 v2.17e AMS math features
\@mathmargin=\skip49

For additional information on amsmath, use the `?' option.
(/usr/share/texlive/texmf-dist/tex/latex/amsmath/amstext.sty
Package: amstext 2000/06/29 v2.01 AMS text

(/usr/share/texlive/texmf-dist/tex/latex/amsmath/amsgen.sty
File: amsgen.sty 1999/11/30 v2.0 generic functions
\@emptytoks=\toks16
\ex@=\dimen143
))
(/usr/share/texlive/texmf-dist/tex/latex/amsmath/amsbsy.sty
Package: amsbsy 1999/11/29 v1.2d Bold Symbols
\pmbraise@=\dimen144
)
(/usr/share/texlive/texmf-dist/tex/latex/amsmath/amsopn.sty
Package: amsopn 2016/03/08 v2.02 operator names
)
\inf@bad=\count178
LaTeX Info: Redefining \frac on input line 227.
\uproot@=\count179
\leftroot@=\count180
LaTeX Info: Redefining \overline on input line 389.
\classnum@=\count181
\DOTSCASE@=\count182
LaTeX Info: Redefining \ldots on input line 486.
LaTeX Info: Redefining \dots on input line 489.
LaTeX Info: Redefining \cdots on input line 610.
\Mathstrutbox@=\box45
\strutbox@=\box46
\big@size=\dimen145
LaTeX Font Info:    Redeclaring font encoding OML on input line 733.
LaTeX Font Info:    Redeclaring font encoding OMS on input line 734.
\macc@depth=\count183
\c@MaxMatrixCols=\count184
\dotsspace@=\muskip16
\c@parentequation=\count185
\dspbrk@lvl=\count186
\tag@help=\toks17
\row@=\count187
\column@=\count188
\maxfields@=\count189
\andhelp@=\toks18
\eqnshift@=\dimen146
\alignsep@=\dimen147
\tagshift@=\dimen148
\tagwidth@=\dimen149
\totwidth@=\dimen150
\lineht@=\dimen151
\@envbody=\toks19
\multlinegap=\skip50
\multlinetaggap=\skip51
\mathdisplay@stack=\toks20
LaTeX Info: Redefining \[ on input line 2859.
LaTeX Info: Redefining \] on input line 2860.
)
(/usr/share/texlive/texmf-dist/tex/latex/titling/titling.sty
Package: titling 2009/09/04 v2.1d maketitle typesetting
\thanksmarkwidth=\skip52
\thanksmargin=\skip53
\droptitle=\skip54
)
(/usr/share/texlive/texmf-dist/tex/latex/graphics/graphicx.sty
Package: graphicx 2019/11/30 v1.2a Enhanced LaTeX Graphics (DPC,SPQR)

(/usr/share/texlive/texmf-dist/tex/latex/graphics/graphics.sty
Package: graphics 2019/11/30 v1.4a Standard LaTeX Graphics (DPC,SPQR)

(/usr/share/texlive/texmf-dist/tex/latex/graphics/trig.sty
Package: trig 2016/01/03 v1.10 sin cos tan (DPC)
)
(/usr/share/texlive/texmf-dist/tex/latex/graphics-cfg/graphics.cfg
File: graphics.cfg 2016/06/04 v1.11 sample graphics configuration
)
Package graphics Info: Driver file: pdftex.def on input line 105.

(/usr/share/texlive/texmf-dist/tex/latex/graphics-def/pdftex.def
File: pdftex.def 2018/01/08 v1.0l Graphics/color driver for pdftex
))
\Gin@req@height=\dimen152
\Gin@req@width=\dimen153
)
(/usr/share/texlive/texmf-dist/tex/latex/hyperref/hyperref.sty
Package: hyperref 2020/01/14 v7.00d Hypertext links for LaTeX

(/usr/share/texlive/texmf-dist/tex/generic/ltxcmds/ltxcmds.sty
Package: ltxcmds 2019/12/15 v1.24 LaTeX kernel commands for general use (HO)
)
(/usr/share/texlive/texmf-dist/tex/latex/pdftexcmds/pdftexcmds.sty
Package: pdftexcmds 2019/11/24 v0.31 Utility functions of pdfTeX for LuaTeX (HO
)

(/usr/share/texlive/texmf-dist/tex/generic/infwarerr/infwarerr.sty
Package: infwarerr 2019/12/03 v1.5 Providing info/warning/error messages (HO)
)
Package pdftexcmds Info: \pdf@primitive is available.
Package pdftexcmds Info: \pdf@ifprimitive is available.
Package pdftexcmds Info: \pdfdraftmode found.
)
(/usr/share/texlive/texmf-dist/tex/generic/kvsetkeys/kvsetkeys.sty
Package: kvsetkeys 2019/12/15 v1.18 Key value parser (HO)
)
(/usr/share/texlive/texmf-dist/tex/generic/kvdefinekeys/kvdefinekeys.sty
Package: kvdefinekeys 2019-12-19 v1.6 Define keys (HO)
)
(/usr/share/texlive/texmf-dist/tex/generic/pdfescape/pdfescape.sty
Package: pdfescape 2019/12/09 v1.15 Implements pdfTeX's escape features (HO)
)
(/usr/share/texlive/texmf-dist/tex/latex/hycolor/hycolor.sty
Package: hycolor 2020-01-27 v1.10 Color options for hyperref/bookmark (HO)
)
(/usr/share/texlive/texmf-dist/tex/latex/letltxmacro/letltxmacro.sty
Package: letltxmacro 2019/12/03 v1.6 Let assignment for LaTeX macros (HO)
)
(/usr/share/texlive/texmf-dist/tex/latex/auxhook/auxhook.sty
Package: auxhook 2019-12-17 v1.6 Hooks for auxiliary files (HO)
)
(/usr/share/texlive/texmf-dist/tex/latex/kvoptions/kvoptions.sty
Package: kvoptions 2019/11/29 v3.13 Key value format for package options (HO)
)
\@linkdim=\dimen154
\Hy@linkcounter=\count190
\Hy@pagecounter=\count191

(/usr/share/texlive/texmf-dist/tex/latex/hyperref/pd1enc.def
File: pd1enc.def 2020/01/14 v7.00d Hyperref: PDFDocEncoding definition (HO)
Now handling font encoding PD1 ...
... no UTF-8 mapping file for font encoding PD1
)
(/usr/share/texlive/texmf-dist/tex/generic/intcalc/intcalc.sty
Package: intcalc 2019/12/15 v1.3 Expandable calculations with integers (HO)
)
(/usr/share/texlive/texmf-dist/tex/generic/etexcmds/etexcmds.sty
Package: etexcmds 2019/12/15 v1.7 Avoid name clashes with e-TeX commands (HO)
)
\Hy@SavedSpaceFactor=\count192
\pdfmajorversion=\count193
Package hyperref Info: Hyper figures OFF on input line 4547.
Package hyperref Info: Link nesting OFF on input line 4552.
Package hyperref Info: Hyper index ON on input line 4555.
Package hyperref Info: Plain pages OFF on input line 4562.
Package hyperref Info: Backreferencing OFF on input line 4567.
Package hyperref Info: Implicit mode ON; LaTeX internals redefined.
Package hyperref Info: Bookmarks ON on input line 4800.
\c@Hy@tempcnt=\count194

(/usr/share/texlive/texmf-dist/tex/latex/url/url.sty
\Urlmuskip=\muskip17
Package: url 2013/09/16  ver 3.4  Verb mode for urls, etc.
)
LaTeX Info: Redefining \url on input line 5159.
\XeTeXLinkMargin=\dimen155

(/usr/share/texlive/texmf-dist/tex/generic/bitset/bitset.sty
Package: bitset 2019/12/09 v1.3 Handle bit-vector datatype (HO)

(/usr/share/texlive/texmf-dist/tex/generic/bigintcalc/bigintcalc.sty
Package: bigintcalc 2019/12/15 v1.5 Expandable calculations on big integers (HO
)
))
\Fld@menulength=\count195
\Field@Width=\dimen156
\Fld@charsize=\dimen157
Package hyperref Info: Hyper figures OFF on input line 6430.
Package hyperref Info: Link nesting OFF on input line 6435.
Package hyperref Info: Hyper index ON on input line 6438.
Package hyperref Info: backreferencing OFF on input line 6445.
Package hyperref Info: Link coloring OFF on input line 6450.
Package hyperref Info: Link coloring with OCG OFF on input line 6455.
Package hyperref Info: PDF/A mode OFF on input line 6460.
LaTeX Info: Redefining \ref on input line 6500.
LaTeX Info: Redefining \pageref on input line 6504.

(/usr/share/texlive/texmf-dist/tex/generic/atbegshi/atbegshi.sty
Package: atbegshi 2019/12/05 v1.19 At begin shipout hook (HO)
)
\Hy@abspage=\count196
\c@Item=\count197
\c@Hfootnote=\count198
)
Package hyperref Info: Driver (autodetected): hpdftex.

(/usr/share/texlive/texmf-dist/tex/latex/hyperref/hpdftex.def
File: hpdftex.def 2020/01/14 v7.00d Hyperref driver for pdfTeX

(/usr/share/texlive/texmf-dist/tex/latex/atveryend/atveryend.sty
Package: atveryend 2019-12-11 v1.11 Hooks at the very end of document (HO)
Package atveryend Info: \enddocument detected (standard20110627).
)
\Fld@listcount=\count199
\c@bookmark@seq@number=\count266

(/usr/share/texlive/texmf-dist/tex/latex/rerunfilecheck/rerunfilecheck.sty
Package: rerunfilecheck 2019/12/05 v1.9 Rerun checks for auxiliary files (HO)

(/usr/share/texlive/texmf-dist/tex/generic/uniquecounter/uniquecounter.sty
Package: uniquecounter 2019/12/15 v1.4 Provide unlimited unique counter (HO)
)
Package uniquecounter Info: New unique counter `rerunfilecheck' on input line 2
86.
)
\Hy@SectionHShift=\skip55
)
Package hyperref Info: Option `colorlinks' set `true' on input line 8.

(/usr/share/texlive/texmf-dist/tex/latex/l3backend/l3backend-pdfmode.def
File: l3backend-pdfmode.def 2020-02-03 L3 backend support: PDF mode
\l__kernel_color_stack_int=\count267
\l__pdf_internal_box=\box47
)
(./ProbeUpdatesFeb2022.aux)
\openout1 = `ProbeUpdatesFeb2022.aux'.

LaTeX Font Info:    Checking defaults for OML/cmm/m/it on input line 24.
LaTeX Font Info:    ... okay on input line 24.
LaTeX Font Info:    Checking defaults for OMS/cmsy/m/n on input line 24.
LaTeX Font Info:    ... okay on input line 24.
LaTeX Font Info:    Checking defaults for OT1/cmr/m/n on input line 24.
LaTeX Font Info:    ... okay on input line 24.
LaTeX Font Info:    Checking defaults for T1/cmr/m/n on input line 24.
LaTeX Font Info:    ... okay on input line 24.
LaTeX Font Info:    Checking defaults for TS1/cmr/m/n on input line 24.
LaTeX Font Info:    ... okay on input line 24.
LaTeX Font Info:    Checking defaults for OMX/cmex/m/n on input line 24.
LaTeX Font Info:    ... okay on input line 24.
LaTeX Font Info:    Checking defaults for U/cmr/m/n on input line 24.
LaTeX Font Info:    ... okay on input line 24.
LaTeX Font Info:    Checking defaults for PD1/pdf/m/n on input line 24.
LaTeX Font Info:    ... okay on input line 24.

*geometry* driver: auto-detecting
*geometry* detected driver: pdftex
*geometry* verbose mode - [ preamble ] result:
* driver: pdftex
* paper: <default>
* layout: <same size as paper>
* layoutoffset:(h,v)=(0.0pt,0.0pt)
* modes: 
* h-part:(L,W,R)=(92.14519pt, 430.00462pt, 92.14519pt)
* v-part:(T,H,B)=(95.39737pt, 556.47656pt, 143.09605pt)
* \paperwidth=614.295pt
* \paperheight=794.96999pt
* \textwidth=430.00462pt
* \textheight=556.47656pt
* \oddsidemargin=19.8752pt
* \evensidemargin=19.8752pt
* \topmargin=-13.87262pt
* \headheight=12.0pt
* \headsep=25.0pt
* \topskip=10.0pt
* \footskip=30.0pt
* \marginparwidth=65.0pt
* \marginparsep=11.0pt
* \columnsep=10.0pt
* \skip\footins=9.0pt plus 4.0pt minus 2.0pt
* \hoffset=0.0pt
* \voffset=0.0pt
* \mag=1000
* \@twocolumnfalse
* \@twosidefalse
* \@mparswitchfalse
* \@reversemarginfalse
* (1in=72.27pt=25.4mm, 1cm=28.453pt)

(/usr/share/texlive/texmf-dist/tex/context/base/mkii/supp-pdf.mkii
[Loading MPS to PDF converter (version 2006.09.02).]
\scratchcounter=\count268
\scratchdimen=\dimen158
\scratchbox=\box48
\nofMPsegments=\count269
\nofMParguments=\count270
\everyMPshowfont=\toks21
\MPscratchCnt=\count271
\MPscratchDim=\dimen159
\MPnumerator=\count272
\makeMPintoPDFobject=\count273
\everyMPtoPDFconversion=\toks22
) (/usr/share/texlive/texmf-dist/tex/latex/epstopdf-pkg/epstopdf-base.sty
Package: epstopdf-base 2020-01-24 v2.11 Base part for package epstopdf
Package epstopdf-base Info: Redefining graphics rule for `.eps' on input line 4
85.

(/usr/share/texlive/texmf-dist/tex/latex/latexconfig/epstopdf-sys.cfg
File: epstopdf-sys.cfg 2010/07/13 v1.3 Configuration of (r)epstopdf for TeX Liv
e
))
\AtBeginShipoutBox=\box49

(/usr/share/texlive/texmf-dist/tex/latex/graphics/color.sty
Package: color 2019/11/23 v1.2a Standard LaTeX Color (DPC)

(/usr/share/texlive/texmf-dist/tex/latex/graphics-cfg/color.cfg
File: color.cfg 2016/01/02 v1.6 sample color configuration
)
Package color Info: Driver file: pdftex.def on input line 147.
)
Package hyperref Info: Link coloring ON on input line 24.

(/usr/share/texlive/texmf-dist/tex/latex/hyperref/nameref.sty
Package: nameref 2019/09/16 v2.46 Cross-referencing by name of section

(/usr/share/texlive/texmf-dist/tex/latex/refcount/refcount.sty
Package: refcount 2019/12/15 v3.6 Data extraction from label references (HO)
)
(/usr/share/texlive/texmf-dist/tex/generic/gettitlestring/gettitlestring.sty
Package: gettitlestring 2019/12/15 v1.6 Cleanup title references (HO)
)
\c@section@level=\count274
)
LaTeX Info: Redefining \ref on input line 24.
LaTeX Info: Redefining \pageref on input line 24.
LaTeX Info: Redefining \nameref on input line 24.

(./ProbeUpdatesFeb2022.out) (./ProbeUpdatesFeb2022.out)
\@outlinefile=\write3
\openout3 = `ProbeUpdatesFeb2022.out'.

<Data for Probe Writeup/10 kHz.jpg, id=77, 511.6716pt x 382.3083pt>
File: Data for Probe Writeup/10 kHz.jpg Graphic file (type jpg)
<use Data for Probe Writeup/10 kHz.jpg>
Package pdftex.def Info: Data for Probe Writeup/10 kHz.jpg  used on input line 
64.
(pdftex.def)             Requested size: 171.99922pt x 128.51305pt.


LaTeX Warning: `!h' float specifier changed to `!ht'.

<Data for Probe Writeup/28 kHz.jpg, id=78, 565.1514pt x 426.393pt>
File: Data for Probe Writeup/28 kHz.jpg Graphic file (type jpg)
<use Data for Probe Writeup/28 kHz.jpg>
Package pdftex.def Info: Data for Probe Writeup/28 kHz.jpg  used on input line 
70.
(pdftex.def)             Requested size: 171.99922pt x 129.76665pt.

LaTeX Warning: `!h' float specifier changed to `!ht'.

<Data for Probe Writeup/76 kHz.jpg, id=79, 639.5895pt x 484.209pt>
File: Data for Probe Writeup/76 kHz.jpg Graphic file (type jpg)
<use Data for Probe Writeup/76 kHz.jpg>
Package pdftex.def Info: Data for Probe Writeup/76 kHz.jpg  used on input line 
76.
(pdftex.def)             Requested size: 171.99922pt x 130.2136pt.

LaTeX Warning: `!h' float specifier changed to `!ht'.

<Data for Probe Writeup/circuit.jpg, id=80, 755.4624pt x 534.798pt>
File: Data for Probe Writeup/circuit.jpg Graphic file (type jpg)
<use Data for Probe Writeup/circuit.jpg>
Package pdftex.def Info: Data for Probe Writeup/circuit.jpg  used on input line
 86.
(pdftex.def)             Requested size: 258.00539pt x 182.64494pt.

LaTeX Warning: `!h' float specifier changed to `!ht'.

<Data for Probe Writeup/Terminal at Startup.png, id=81, 737.00343pt x 385.44pt>

File: Data for Probe Writeup/Terminal at Startup.png Graphic file (type png)
<use Data for Probe Writeup/Terminal at Startup.png>
Package pdftex.def Info: Data for Probe Writeup/Terminal at Startup.png  used o
n input line 96.
(pdftex.def)             Requested size: 258.00539pt x 134.92953pt.

LaTeX Warning: `!h' float specifier changed to `!ht'.

<Data for Probe Writeup/spec location.png, id=83, 566.86781pt x 384.6872pt>
File: Data for Probe Writeup/spec location.png Graphic file (type png)
<use Data for Probe Writeup/spec location.png>
Package pdftex.def Info: Data for Probe Writeup/spec location.png  used on inpu
t line 106.
(pdftex.def)             Requested size: 258.00539pt x 175.09164pt.

LaTeX Warning: `!h' float specifier changed to `!ht'.

<Data for Probe Writeup/BMode Probe.png, id=84, 555.57562pt x 322.20375pt>
File: Data for Probe Writeup/BMode Probe.png Graphic file (type png)
<use Data for Probe Writeup/BMode Probe.png>
Package pdftex.def Info: Data for Probe Writeup/BMode Probe.png  used on input 
line 116.
(pdftex.def)             Requested size: 258.00539pt x 149.63145pt.

LaTeX Warning: `!h' float specifier changed to `!ht'.

<Data for Probe Writeup/BScan location.png, id=85, 601.4972pt x 384.6872pt>
File: Data for Probe Writeup/BScan location.png Graphic file (type png)
<use Data for Probe Writeup/BScan location.png>
Package pdftex.def Info: Data for Probe Writeup/BScan location.png  used on inp
ut line 122.
(pdftex.def)             Requested size: 258.00539pt x 165.0131pt.

LaTeX Warning: `!h' float specifier changed to `!ht'.

<Data for Probe Writeup/ShowProbeBScan operation.png, id=86, 505.13719pt x 123.
46124pt>
File: Data for Probe Writeup/ShowProbeBScan operation.png Graphic file (type pn
g)
<use Data for Probe Writeup/ShowProbeBScan operation.png>
Package pdftex.def Info: Data for Probe Writeup/ShowProbeBScan operation.png  u
sed on input line 128.
(pdftex.def)             Requested size: 258.00539pt x 63.06046pt.

LaTeX Warning: `!h' float specifier changed to `!ht'.

<Data for Probe Writeup/BScan fig update.png, id=87, 274.02374pt x 496.10344pt>

File: Data for Probe Writeup/BScan fig update.png Graphic file (type png)
<use Data for Probe Writeup/BScan fig update.png>
Package pdftex.def Info: Data for Probe Writeup/BScan fig update.png  used on i
nput line 134.
(pdftex.def)             Requested size: 258.00539pt x 467.1397pt.

LaTeX Warning: `!h' float specifier changed to `!ht'.

<Data for Probe Writeup/SNRcomp.png, id=88, 1648.65938pt x 1222.5675pt>
File: Data for Probe Writeup/SNRcomp.png Graphic file (type png)
<use Data for Probe Writeup/SNRcomp.png>
Package pdftex.def Info: Data for Probe Writeup/SNRcomp.png  used on input line
 152.
(pdftex.def)             Requested size: 430.00462pt x 318.86742pt.
[1

{/var/lib/texmf/fonts/map/pdftex/updmap/pdftex.map}] [2 <./Data for Probe Write
up/10 kHz.jpg> <./Data for Probe Writeup/28 kHz.jpg> <./Data for Probe Writeup/
76 kHz.jpg>]

LaTeX Warning: `!h' float specifier changed to `!ht'.

<Data for Probe Writeup/Data 2022-2-17/BScan v AScan.png, id=106, 1194.71344pt 
x 761.09344pt>
File: Data for Probe Writeup/Data 2022-2-17/BScan v AScan.png Graphic file (typ
e png)
<use Data for Probe Writeup/Data 2022-2-17/BScan v AScan.png>
Package pdftex.def Info: Data for Probe Writeup/Data 2022-2-17/BScan v AScan.pn
g  used on input line 162.
(pdftex.def)             Requested size: 430.00462pt x 273.93536pt.

LaTeX Warning: `!h' float specifier changed to `!ht'.

<Data for Probe Writeup/ThorImage settings for BScan.png, id=107, 407.27156pt x
 437.38406pt>
File: Data for Probe Writeup/ThorImage settings for BScan.png Graphic file (typ
e png)
<use Data for Probe Writeup/ThorImage settings for BScan.png>
Package pdftex.def Info: Data for Probe Writeup/ThorImage settings for BScan.pn
g  used on input line 173.
(pdftex.def)             Requested size: 258.00539pt x 277.09508pt.

LaTeX Warning: `!h' float specifier changed to `!ht'.

Package atveryend Info: Empty hook `BeforeClearDocument' on input line 182.

Overfull \vbox (212.00034pt too high) has occurred while \output is active []


[3 <./Data for Probe Writeup/circuit.jpg> <./Data for Probe Writeup/Terminal at
 Startup.PNG>] [4 <./Data for Probe Writeup/spec location.PNG> <./Data for Prob
e Writeup/BMode Probe.PNG>] [5 <./Data for Probe Writeup/BScan location.PNG> <.
/Data for Probe Writeup/ShowProbeBScan operation.PNG>] [6 <./Data for Probe Wri
teup/BScan fig update.PNG>] [7 <./Data for Probe Writeup/SNRcomp.png (PNG copy)
>] [8 <./Data for Probe Writeup/Data 2022-2-17/BScan v AScan.png (PNG copy)>]
[9 <./Data for Probe Writeup/ThorImage settings for BScan.PNG>]
Package atveryend Info: Empty hook `AfterLastShipout' on input line 182.

(./ProbeUpdatesFeb2022.aux)
Package atveryend Info: Executing hook `AtVeryEndDocument' on input line 182.
Package atveryend Info: Executing hook `AtEndAfterFileList' on input line 182.
Package rerunfilecheck Info: File `ProbeUpdatesFeb2022.out' has not changed.
(rerunfilecheck)             Checksum: ED62BC02887D845DE010A0C55A4218C2;1364.
Package atveryend Info: Empty hook `AtVeryVeryEnd' on input line 182.
 ) 
Here is how much of TeX's memory you used:
 6468 strings out of 483107
 99108 string characters out of 5964630
 364125 words of memory out of 5000000
 21343 multiletter control sequences out of 15000+600000
 534445 words of font info for 31 fonts, out of 8000000 for 9000
 59 hyphenation exceptions out of 8191
 34i,6n,29p,541b,346s stack positions out of 5000i,500n,10000p,200000b,80000s
</usr/share/texlive/texmf-dist/fonts/type1/public/amsfonts/cm/cmbx12.pfb></us
r/share/texlive/texmf-dist/fonts/type1/public/amsfonts/cm/cmr10.pfb></usr/share
/texlive/texmf-dist/fonts/type1/public/amsfonts/cm/cmr17.pfb></usr/share/texliv
e/texmf-dist/fonts/type1/public/amsfonts/cm/cmr8.pfb></usr/share/texlive/texmf-
dist/fonts/type1/public/amsfonts/cm/cmr9.pfb>
Output written on ProbeUpdatesFeb2022.pdf (9 pages, 7066482 bytes).
PDF statistics:
 185 PDF objects out of 1000 (max. 8388607)
 147 compressed objects within 2 object streams
 41 named destinations out of 1000 (max. 500000)
 210 words of extra memory for PDF output out of 10000 (max. 10000000)

