This is pdfTeX, Version 3.14159265-2.6-1.40.20 (TeX Live 2019/Debian) (preloaded format=pdflatex 2022.2.20)  12 APR 2022 18:57
entering extended mode
 restricted \write18 enabled.
 %&-line parsing enabled.
**March28Report.tex
(./March28Report.tex
LaTeX2e <2020-02-02> patch level 2
L3 programming layer <2020-02-14>
(/usr/share/texlive/texmf-dist/tex/latex/base/article.cls
Document Class: article 2019/12/20 v1.4l Standard LaTeX document class
(/usr/share/texlive/texmf-dist/tex/latex/base/size10.clo
File: size10.clo 2019/12/20 v1.4l Standard LaTeX file (size option)
)
\c@part=\count167
\c@section=\count168
\c@subsection=\count169
\c@subsubsection=\count170
\c@paragraph=\count171
\c@subparagraph=\count172
\c@figure=\count173
\c@table=\count174
\abovecaptionskip=\skip47
\belowcaptionskip=\skip48
\bibindent=\dimen134
)
(/usr/share/texlive/texmf-dist/tex/latex/geometry/geometry.sty
Package: geometry 2020/01/02 v5.9 Page Geometry

(/usr/share/texlive/texmf-dist/tex/latex/graphics/keyval.sty
Package: keyval 2014/10/28 v1.15 key=value parser (DPC)
\KV@toks@=\toks14
)
(/usr/share/texlive/texmf-dist/tex/generic/iftex/ifvtex.sty
Package: ifvtex 2019/10/25 v1.7 ifvtex legacy package. Use iftex instead.

(/usr/share/texlive/texmf-dist/tex/generic/iftex/iftex.sty
Package: iftex 2019/11/07 v1.0c TeX engine tests
))
\Gm@cnth=\count175
\Gm@cntv=\count176
\c@Gm@tempcnt=\count177
\Gm@bindingoffset=\dimen135
\Gm@wd@mp=\dimen136
\Gm@odd@mp=\dimen137
\Gm@even@mp=\dimen138
\Gm@layoutwidth=\dimen139
\Gm@layoutheight=\dimen140
\Gm@layouthoffset=\dimen141
\Gm@layoutvoffset=\dimen142
\Gm@dimlist=\toks15
)
(/usr/share/texlive/texmf-dist/tex/latex/titling/titling.sty
Package: titling 2009/09/04 v2.1d maketitle typesetting
\thanksmarkwidth=\skip49
\thanksmargin=\skip50
\droptitle=\skip51
)
(/usr/share/texlive/texmf-dist/tex/latex/amsmath/amsmath.sty
Package: amsmath 2020/01/20 v2.17e AMS math features
\@mathmargin=\skip52

For additional information on amsmath, use the `?' option.
(/usr/share/texlive/texmf-dist/tex/latex/amsmath/amstext.sty
Package: amstext 2000/06/29 v2.01 AMS text

(/usr/share/texlive/texmf-dist/tex/latex/amsmath/amsgen.sty
File: amsgen.sty 1999/11/30 v2.0 generic functions
\@emptytoks=\toks16
\ex@=\dimen143
))
(/usr/share/texlive/texmf-dist/tex/latex/amsmath/amsbsy.sty
Package: amsbsy 1999/11/29 v1.2d Bold Symbols
\pmbraise@=\dimen144
)
(/usr/share/texlive/texmf-dist/tex/latex/amsmath/amsopn.sty
Package: amsopn 2016/03/08 v2.02 operator names
)
\inf@bad=\count178
LaTeX Info: Redefining \frac on input line 227.
\uproot@=\count179
\leftroot@=\count180
LaTeX Info: Redefining \overline on input line 389.
\classnum@=\count181
\DOTSCASE@=\count182
LaTeX Info: Redefining \ldots on input line 486.
LaTeX Info: Redefining \dots on input line 489.
LaTeX Info: Redefining \cdots on input line 610.
\Mathstrutbox@=\box45
\strutbox@=\box46
\big@size=\dimen145
LaTeX Font Info:    Redeclaring font encoding OML on input line 733.
LaTeX Font Info:    Redeclaring font encoding OMS on input line 734.
\macc@depth=\count183
\c@MaxMatrixCols=\count184
\dotsspace@=\muskip16
\c@parentequation=\count185
\dspbrk@lvl=\count186
\tag@help=\toks17
\row@=\count187
\column@=\count188
\maxfields@=\count189
\andhelp@=\toks18
\eqnshift@=\dimen146
\alignsep@=\dimen147
\tagshift@=\dimen148
\tagwidth@=\dimen149
\totwidth@=\dimen150
\lineht@=\dimen151
\@envbody=\toks19
\multlinegap=\skip53
\multlinetaggap=\skip54
\mathdisplay@stack=\toks20
LaTeX Info: Redefining \[ on input line 2859.
LaTeX Info: Redefining \] on input line 2860.
)
(/usr/share/texlive/texmf-dist/tex/latex/graphics/graphicx.sty
Package: graphicx 2019/11/30 v1.2a Enhanced LaTeX Graphics (DPC,SPQR)

(/usr/share/texlive/texmf-dist/tex/latex/graphics/graphics.sty
Package: graphics 2019/11/30 v1.4a Standard LaTeX Graphics (DPC,SPQR)

(/usr/share/texlive/texmf-dist/tex/latex/graphics/trig.sty
Package: trig 2016/01/03 v1.10 sin cos tan (DPC)
)
(/usr/share/texlive/texmf-dist/tex/latex/graphics-cfg/graphics.cfg
File: graphics.cfg 2016/06/04 v1.11 sample graphics configuration
)
Package graphics Info: Driver file: pdftex.def on input line 105.

(/usr/share/texlive/texmf-dist/tex/latex/graphics-def/pdftex.def
File: pdftex.def 2018/01/08 v1.0l Graphics/color driver for pdftex
))
\Gin@req@height=\dimen152
\Gin@req@width=\dimen153
)
(/usr/share/texlive/texmf-dist/tex/latex/hyperref/hyperref.sty
Package: hyperref 2020/01/14 v7.00d Hypertext links for LaTeX

(/usr/share/texlive/texmf-dist/tex/generic/ltxcmds/ltxcmds.sty
Package: ltxcmds 2019/12/15 v1.24 LaTeX kernel commands for general use (HO)
)
(/usr/share/texlive/texmf-dist/tex/latex/pdftexcmds/pdftexcmds.sty
Package: pdftexcmds 2019/11/24 v0.31 Utility functions of pdfTeX for LuaTeX (HO
)

(/usr/share/texlive/texmf-dist/tex/generic/infwarerr/infwarerr.sty
Package: infwarerr 2019/12/03 v1.5 Providing info/warning/error messages (HO)
)
Package pdftexcmds Info: \pdf@primitive is available.
Package pdftexcmds Info: \pdf@ifprimitive is available.
Package pdftexcmds Info: \pdfdraftmode found.
)
(/usr/share/texlive/texmf-dist/tex/generic/kvsetkeys/kvsetkeys.sty
Package: kvsetkeys 2019/12/15 v1.18 Key value parser (HO)
)
(/usr/share/texlive/texmf-dist/tex/generic/kvdefinekeys/kvdefinekeys.sty
Package: kvdefinekeys 2019-12-19 v1.6 Define keys (HO)
)
(/usr/share/texlive/texmf-dist/tex/generic/pdfescape/pdfescape.sty
Package: pdfescape 2019/12/09 v1.15 Implements pdfTeX's escape features (HO)
)
(/usr/share/texlive/texmf-dist/tex/latex/hycolor/hycolor.sty
Package: hycolor 2020-01-27 v1.10 Color options for hyperref/bookmark (HO)
)
(/usr/share/texlive/texmf-dist/tex/latex/letltxmacro/letltxmacro.sty
Package: letltxmacro 2019/12/03 v1.6 Let assignment for LaTeX macros (HO)
)
(/usr/share/texlive/texmf-dist/tex/latex/auxhook/auxhook.sty
Package: auxhook 2019-12-17 v1.6 Hooks for auxiliary files (HO)
)
(/usr/share/texlive/texmf-dist/tex/latex/kvoptions/kvoptions.sty
Package: kvoptions 2019/11/29 v3.13 Key value format for package options (HO)
)
\@linkdim=\dimen154
\Hy@linkcounter=\count190
\Hy@pagecounter=\count191

(/usr/share/texlive/texmf-dist/tex/latex/hyperref/pd1enc.def
File: pd1enc.def 2020/01/14 v7.00d Hyperref: PDFDocEncoding definition (HO)
Now handling font encoding PD1 ...
... no UTF-8 mapping file for font encoding PD1
)
(/usr/share/texlive/texmf-dist/tex/generic/intcalc/intcalc.sty
Package: intcalc 2019/12/15 v1.3 Expandable calculations with integers (HO)
)
(/usr/share/texlive/texmf-dist/tex/generic/etexcmds/etexcmds.sty
Package: etexcmds 2019/12/15 v1.7 Avoid name clashes with e-TeX commands (HO)
)
\Hy@SavedSpaceFactor=\count192
\pdfmajorversion=\count193
Package hyperref Info: Hyper figures OFF on input line 4547.
Package hyperref Info: Link nesting OFF on input line 4552.
Package hyperref Info: Hyper index ON on input line 4555.
Package hyperref Info: Plain pages OFF on input line 4562.
Package hyperref Info: Backreferencing OFF on input line 4567.
Package hyperref Info: Implicit mode ON; LaTeX internals redefined.
Package hyperref Info: Bookmarks ON on input line 4800.
\c@Hy@tempcnt=\count194

(/usr/share/texlive/texmf-dist/tex/latex/url/url.sty
\Urlmuskip=\muskip17
Package: url 2013/09/16  ver 3.4  Verb mode for urls, etc.
)
LaTeX Info: Redefining \url on input line 5159.
\XeTeXLinkMargin=\dimen155

(/usr/share/texlive/texmf-dist/tex/generic/bitset/bitset.sty
Package: bitset 2019/12/09 v1.3 Handle bit-vector datatype (HO)

(/usr/share/texlive/texmf-dist/tex/generic/bigintcalc/bigintcalc.sty
Package: bigintcalc 2019/12/15 v1.5 Expandable calculations on big integers (HO
)
))
\Fld@menulength=\count195
\Field@Width=\dimen156
\Fld@charsize=\dimen157
Package hyperref Info: Hyper figures OFF on input line 6430.
Package hyperref Info: Link nesting OFF on input line 6435.
Package hyperref Info: Hyper index ON on input line 6438.
Package hyperref Info: backreferencing OFF on input line 6445.
Package hyperref Info: Link coloring OFF on input line 6450.
Package hyperref Info: Link coloring with OCG OFF on input line 6455.
Package hyperref Info: PDF/A mode OFF on input line 6460.
LaTeX Info: Redefining \ref on input line 6500.
LaTeX Info: Redefining \pageref on input line 6504.

(/usr/share/texlive/texmf-dist/tex/generic/atbegshi/atbegshi.sty
Package: atbegshi 2019/12/05 v1.19 At begin shipout hook (HO)
)
\Hy@abspage=\count196
\c@Item=\count197
\c@Hfootnote=\count198
)
Package hyperref Info: Driver (autodetected): hpdftex.

(/usr/share/texlive/texmf-dist/tex/latex/hyperref/hpdftex.def
File: hpdftex.def 2020/01/14 v7.00d Hyperref driver for pdfTeX

(/usr/share/texlive/texmf-dist/tex/latex/atveryend/atveryend.sty
Package: atveryend 2019-12-11 v1.11 Hooks at the very end of document (HO)
Package atveryend Info: \enddocument detected (standard20110627).
)
\Fld@listcount=\count199
\c@bookmark@seq@number=\count266

(/usr/share/texlive/texmf-dist/tex/latex/rerunfilecheck/rerunfilecheck.sty
Package: rerunfilecheck 2019/12/05 v1.9 Rerun checks for auxiliary files (HO)

(/usr/share/texlive/texmf-dist/tex/generic/uniquecounter/uniquecounter.sty
Package: uniquecounter 2019/12/15 v1.4 Provide unlimited unique counter (HO)
)
Package uniquecounter Info: New unique counter `rerunfilecheck' on input line 2
86.
)
\Hy@SectionHShift=\skip55
)
Package hyperref Info: Option `colorlinks' set `true' on input line 8.

(/usr/share/texlive/texmf-dist/tex/latex/l3backend/l3backend-pdfmode.def
File: l3backend-pdfmode.def 2020-02-03 L3 backend support: PDF mode
\l__kernel_color_stack_int=\count267
\l__pdf_internal_box=\box47
)
(./March28Report.aux)
\openout1 = `March28Report.aux'.

LaTeX Font Info:    Checking defaults for OML/cmm/m/it on input line 22.
LaTeX Font Info:    ... okay on input line 22.
LaTeX Font Info:    Checking defaults for OMS/cmsy/m/n on input line 22.
LaTeX Font Info:    ... okay on input line 22.
LaTeX Font Info:    Checking defaults for OT1/cmr/m/n on input line 22.
LaTeX Font Info:    ... okay on input line 22.
LaTeX Font Info:    Checking defaults for T1/cmr/m/n on input line 22.
LaTeX Font Info:    ... okay on input line 22.
LaTeX Font Info:    Checking defaults for TS1/cmr/m/n on input line 22.
LaTeX Font Info:    ... okay on input line 22.
LaTeX Font Info:    Checking defaults for OMX/cmex/m/n on input line 22.
LaTeX Font Info:    ... okay on input line 22.
LaTeX Font Info:    Checking defaults for U/cmr/m/n on input line 22.
LaTeX Font Info:    ... okay on input line 22.
LaTeX Font Info:    Checking defaults for PD1/pdf/m/n on input line 22.
LaTeX Font Info:    ... okay on input line 22.

*geometry* driver: auto-detecting
*geometry* detected driver: pdftex
*geometry* verbose mode - [ preamble ] result:
* driver: pdftex
* paper: <default>
* layout: <same size as paper>
* layoutoffset:(h,v)=(0.0pt,0.0pt)
* modes: 
* h-part:(L,W,R)=(92.14519pt, 430.00462pt, 92.14519pt)
* v-part:(T,H,B)=(95.39737pt, 556.47656pt, 143.09605pt)
* \paperwidth=614.295pt
* \paperheight=794.96999pt
* \textwidth=430.00462pt
* \textheight=556.47656pt
* \oddsidemargin=19.8752pt
* \evensidemargin=19.8752pt
* \topmargin=-13.87262pt
* \headheight=12.0pt
* \headsep=25.0pt
* \topskip=10.0pt
* \footskip=30.0pt
* \marginparwidth=65.0pt
* \marginparsep=11.0pt
* \columnsep=10.0pt
* \skip\footins=9.0pt plus 4.0pt minus 2.0pt
* \hoffset=0.0pt
* \voffset=0.0pt
* \mag=1000
* \@twocolumnfalse
* \@twosidefalse
* \@mparswitchfalse
* \@reversemarginfalse
* (1in=72.27pt=25.4mm, 1cm=28.453pt)

(/usr/share/texlive/texmf-dist/tex/context/base/mkii/supp-pdf.mkii
[Loading MPS to PDF converter (version 2006.09.02).]
\scratchcounter=\count268
\scratchdimen=\dimen158
\scratchbox=\box48
\nofMPsegments=\count269
\nofMParguments=\count270
\everyMPshowfont=\toks21
\MPscratchCnt=\count271
\MPscratchDim=\dimen159
\MPnumerator=\count272
\makeMPintoPDFobject=\count273
\everyMPtoPDFconversion=\toks22
) (/usr/share/texlive/texmf-dist/tex/latex/epstopdf-pkg/epstopdf-base.sty
Package: epstopdf-base 2020-01-24 v2.11 Base part for package epstopdf
Package epstopdf-base Info: Redefining graphics rule for `.eps' on input line 4
85.

(/usr/share/texlive/texmf-dist/tex/latex/latexconfig/epstopdf-sys.cfg
File: epstopdf-sys.cfg 2010/07/13 v1.3 Configuration of (r)epstopdf for TeX Liv
e
))
\AtBeginShipoutBox=\box49

(/usr/share/texlive/texmf-dist/tex/latex/graphics/color.sty
Package: color 2019/11/23 v1.2a Standard LaTeX Color (DPC)

(/usr/share/texlive/texmf-dist/tex/latex/graphics-cfg/color.cfg
File: color.cfg 2016/01/02 v1.6 sample color configuration
)
Package color Info: Driver file: pdftex.def on input line 147.
)
Package hyperref Info: Link coloring ON on input line 22.

(/usr/share/texlive/texmf-dist/tex/latex/hyperref/nameref.sty
Package: nameref 2019/09/16 v2.46 Cross-referencing by name of section

(/usr/share/texlive/texmf-dist/tex/latex/refcount/refcount.sty
Package: refcount 2019/12/15 v3.6 Data extraction from label references (HO)
)
(/usr/share/texlive/texmf-dist/tex/generic/gettitlestring/gettitlestring.sty
Package: gettitlestring 2019/12/15 v1.6 Cleanup title references (HO)
)
\c@section@level=\count274
)
LaTeX Info: Redefining \ref on input line 22.
LaTeX Info: Redefining \pageref on input line 22.
LaTeX Info: Redefining \nameref on input line 22.

(./March28Report.out) (./March28Report.out)
\@outlinefile=\write3
\openout3 = `March28Report.out'.

<Figures/longshift.png, id=65, 468.7695pt x 338.0265pt>
File: Figures/longshift.png Graphic file (type png)
<use Figures/longshift.png>
Package pdftex.def Info: Figures/longshift.png  used on input line 40.
(pdftex.def)             Requested size: 344.005pt x 248.06738pt.
 [1

{/var/lib/texmf/fonts/map/pdftex/updmap/pdftex.map}] [2 <./Figures/longshift.pn
g>]
<Figures/ohcdcp165dB.png, id=84, 469.4265pt x 230.9355pt>
File: Figures/ohcdcp165dB.png Graphic file (type png)
<use Figures/ohcdcp165dB.png>
Package pdftex.def Info: Figures/ohcdcp165dB.png  used on input line 52.
(pdftex.def)             Requested size: 430.00462pt x 211.54704pt.
<Figures/ohcdcp1180dB.png, id=86, 469.4265pt x 230.9355pt>
File: Figures/ohcdcp1180dB.png Graphic file (type png)
<use Figures/ohcdcp1180dB.png>
Package pdftex.def Info: Figures/ohcdcp1180dB.png  used on input line 62.
(pdftex.def)             Requested size: 430.00462pt x 211.54704pt.
 [3 <./Figures/ohcdcp165dB.png>] [4 <./Figures/ohcdcp1180dB.png>]
<Figures/ohcdcp2pts50dB.png, id=100, 469.4265pt x 458.2575pt>
File: Figures/ohcdcp2pts50dB.png Graphic file (type png)
<use Figures/ohcdcp2pts50dB.png>
Package pdftex.def Info: Figures/ohcdcp2pts50dB.png  used on input line 74.
(pdftex.def)             Requested size: 430.00462pt x 419.78398pt.
<Figures/ohcdcp2pts65dB.png, id=101, 469.4265pt x 458.2575pt>
File: Figures/ohcdcp2pts65dB.png Graphic file (type png)
<use Figures/ohcdcp2pts65dB.png>
Package pdftex.def Info: Figures/ohcdcp2pts65dB.png  used on input line 81.
(pdftex.def)             Requested size: 430.00462pt x 419.78398pt.
<Figures/ohcdcp2pts80dB.png, id=102, 469.4265pt x 458.2575pt>
File: Figures/ohcdcp2pts80dB.png Graphic file (type png)
<use Figures/ohcdcp2pts80dB.png>
Package pdftex.def Info: Figures/ohcdcp2pts80dB.png  used on input line 88.
(pdftex.def)             Requested size: 430.00462pt x 419.78398pt.
<Figures/ohcdcbm50.png, id=106, 1053.9375pt x 790.45313pt>
File: Figures/ohcdcbm50.png Graphic file (type png)
<use Figures/ohcdcbm50.png>
Package pdftex.def Info: Figures/ohcdcbm50.png  used on input line 98.
(pdftex.def)             Requested size: 301.00192pt x 225.75186pt.
<Figures/ohcdcbm65.png, id=107, 1053.9375pt x 790.45313pt>
File: Figures/ohcdcbm65.png Graphic file (type png)
<use Figures/ohcdcbm65.png>
Package pdftex.def Info: Figures/ohcdcbm65.png  used on input line 105.
(pdftex.def)             Requested size: 301.00192pt x 225.75186pt.
<Figures/ohcdcbm80.png, id=108, 1053.9375pt x 790.45313pt>
File: Figures/ohcdcbm80.png Graphic file (type png)
<use Figures/ohcdcbm80.png>
Package pdftex.def Info: Figures/ohcdcbm80.png  used on input line 112.
(pdftex.def)             Requested size: 301.00192pt x 225.75186pt.
<Figures/ohcdcspls.png, id=110, 1053.9375pt x 790.45313pt>
File: Figures/ohcdcspls.png Graphic file (type png)
<use Figures/ohcdcspls.png>
Package pdftex.def Info: Figures/ohcdcspls.png  used on input line 121.
(pdftex.def)             Requested size: 301.00192pt x 225.75186pt.
 [5] [6 <./Figures/ohcdcp2pts50dB.png>]
[7 <./Figures/ohcdcp2pts65dB.png>] [8 <./Figures/ohcdcp2pts80dB.png>] [9 <./Fig
ures/ohcdcbm50.png (PNG copy)> <./Figures/ohcdcbm65.png (PNG copy)>] [10 <./Fig
ures/ohcdcbm80.png (PNG copy)> <./Figures/ohcdcspls.png (PNG copy)>]
<Figures/rlbm50.png, id=146, 239.148pt x 179.361pt>
File: Figures/rlbm50.png Graphic file (type png)
<use Figures/rlbm50.png>
Package pdftex.def Info: Figures/rlbm50.png  used on input line 140.
(pdftex.def)             Requested size: 301.00192pt x 225.77159pt.
<Figures/rlbm65.png, id=147, 226.3365pt x 221.0805pt>
File: Figures/rlbm65.png Graphic file (type png)
<use Figures/rlbm65.png>
Package pdftex.def Info: Figures/rlbm65.png  used on input line 147.
(pdftex.def)             Requested size: 301.00192pt x 294.04012pt.
<Figures/rlbm80.png, id=148, 290.0655pt x 216.81pt>
File: Figures/rlbm80.png Graphic file (type png)
<use Figures/rlbm80.png>
Package pdftex.def Info: Figures/rlbm80.png  used on input line 154.
(pdftex.def)             Requested size: 301.00192pt x 224.98415pt.
 [11 <./Figures/rlbm50.png>] [12 <./Figures/rlbm65.png>]
<Figures/rldc50.png, id=167, 247.3605pt x 185.6025pt>
File: Figures/rldc50.png Graphic file (type png)
<use Figures/rldc50.png>
Package pdftex.def Info: Figures/rldc50.png  used on input line 164.
(pdftex.def)             Requested size: 301.00192pt x 225.86546pt.
<Figures/rldc65.png, id=168, 218.124pt x 163.2645pt>
File: Figures/rldc65.png Graphic file (type png)
<use Figures/rldc65.png>
Package pdftex.def Info: Figures/rldc65.png  used on input line 171.
(pdftex.def)             Requested size: 301.00192pt x 225.32765pt.
<Figures/rldc80.png, id=169, 279.5535pt x 208.926pt>
File: Figures/rldc80.png Graphic file (type png)
<use Figures/rldc80.png>
Package pdftex.def Info: Figures/rldc80.png  used on input line 178.
(pdftex.def)             Requested size: 301.00192pt x 224.97041pt.
<Figures/rlredc50.png, id=170, 1053.9375pt x 790.45313pt>
File: Figures/rlredc50.png Graphic file (type png)
<use Figures/rlredc50.png>
Package pdftex.def Info: Figures/rlredc50.png  used on input line 185.
(pdftex.def)             Requested size: 301.00192pt x 225.75186pt.
<Figures/rlredc65.png, id=171, 1053.9375pt x 790.45313pt>
File: Figures/rlredc65.png Graphic file (type png)
<use Figures/rlredc65.png>
Package pdftex.def Info: Figures/rlredc65.png  used on input line 192.
(pdftex.def)             Requested size: 301.00192pt x 225.75186pt.
<Figures/rlredc80.png, id=172, 1053.9375pt x 790.45313pt>
File: Figures/rlredc80.png Graphic file (type png)
<use Figures/rlredc80.png>
Package pdftex.def Info: Figures/rlredc80.png  used on input line 199.
(pdftex.def)             Requested size: 301.00192pt x 225.75186pt.
 [13 <./Figures/rlbm80.png>]
[14 <./Figures/rldc50.png> <./Figures/rldc65.png>] [15 <./Figures/rldc80.png> <
./Figures/rlredc50.png (PNG copy)>] [16 <./Figures/rlredc65.png (PNG copy)> <./
Figures/rlredc80.png (PNG copy)>] [17]
<Figures/grosspiezo.png, id=206, 2131.965pt x 1041.8925pt>
File: Figures/grosspiezo.png Graphic file (type png)
<use Figures/grosspiezo.png>
Package pdftex.def Info: Figures/grosspiezo.png  used on input line 228.
(pdftex.def)             Requested size: 301.00192pt x 147.08809pt.
 [18 <./Figures/grosspiezo.png>]
<Figures/grosspiezot.png, id=220, 2370.8575pt x 1322.9425pt>
File: Figures/grosspiezot.png Graphic file (type png)
<use Figures/grosspiezot.png>
Package pdftex.def Info: Figures/grosspiezot.png  used on input line 259.
(pdftex.def)             Requested size: 430.00462pt x 239.93616pt.
<Figures/grosspiezoo.png, id=221, 2344.76pt x 1385.175pt>
File: Figures/grosspiezoo.png Graphic file (type png)
<use Figures/grosspiezoo.png>
Package pdftex.def Info: Figures/grosspiezoo.png  used on input line 266.
(pdftex.def)             Requested size: 430.00462pt x 254.01294pt.
<Figures/reconstructeddewey.png, id=222, 2675.9975pt x 1505.625pt>
File: Figures/reconstructeddewey.png Graphic file (type png)
<use Figures/reconstructeddewey.png>
Package pdftex.def Info: Figures/reconstructeddewey.png  used on input line 273
.
(pdftex.def)             Requested size: 430.00462pt x 241.93875pt.
Package atveryend Info: Empty hook `BeforeClearDocument' on input line 284.
 [19]
[20 <./Figures/grosspiezot.png>] [21 <./Figures/grosspiezoo.png>] [22 <./Figure
s/reconstructeddewey.png>]
Package atveryend Info: Empty hook `AfterLastShipout' on input line 284.
 (./March28Report.aux)
Package atveryend Info: Executing hook `AtVeryEndDocument' on input line 284.
Package atveryend Info: Executing hook `AtEndAfterFileList' on input line 284.
Package rerunfilecheck Info: File `March28Report.out' has not changed.
(rerunfilecheck)             Checksum: B8C17F1DB81B762C3D04D5ABC8651D75;1104.
Package atveryend Info: Empty hook `AtVeryVeryEnd' on input line 284.
 ) 
Here is how much of TeX's memory you used:
 6582 strings out of 483107
 99512 string characters out of 5964630
 370112 words of memory out of 5000000
 21416 multiletter control sequences out of 15000+600000
 535245 words of font info for 34 fonts, out of 8000000 for 9000
 59 hyphenation exceptions out of 8191
 34i,9n,29p,827b,333s stack positions out of 5000i,500n,10000p,200000b,80000s
</usr/share/texlive/texmf-dist/fonts/type1/public/amsfonts/cm/cmbx12.pfb></us
r/share/texlive/texmf-dist/fonts/type1/public/amsfonts/cm/cmmi10.pfb></usr/shar
e/texlive/texmf-dist/fonts/type1/public/amsfonts/cm/cmmi7.pfb></usr/share/texli
ve/texmf-dist/fonts/type1/public/amsfonts/cm/cmr10.pfb></usr/share/texlive/texm
f-dist/fonts/type1/public/amsfonts/cm/cmr17.pfb></usr/share/texlive/texmf-dist/
fonts/type1/public/amsfonts/cm/cmr7.pfb></usr/share/texlive/texmf-dist/fonts/ty
pe1/public/amsfonts/cm/cmr8.pfb></usr/share/texlive/texmf-dist/fonts/type1/publ
ic/amsfonts/cm/cmr9.pfb></usr/share/texlive/texmf-dist/fonts/type1/public/amsfo
nts/cm/cmsy10.pfb></usr/share/texlive/texmf-dist/fonts/type1/public/amsfonts/cm
/cmti10.pfb>
Output written on March28Report.pdf (22 pages, 3352476 bytes).
PDF statistics:
 303 PDF objects out of 1000 (max. 8388607)
 239 compressed objects within 3 object streams
 72 named destinations out of 1000 (max. 500000)
 236 words of extra memory for PDF output out of 10000 (max. 10000000)

